<?xml version="1.0" encoding="UTF-8"?>
<!-- Generated by org.testng.reporters.JUnitXMLReporter -->
<testsuite ignored="0" hostname="WL-MS-743" failures="0" tests="4" name="Default test" time="3.956" errors="0" timestamp="2025-01-20T23:19:08 IST">
  <testcase classname="com.api.testing.soapAPIs" name="addAPI" time="2.024"/>
  <testcase classname="com.api.testing.soapAPIs" name="divideAPI" time="0.668"/>
  <testcase classname="com.api.testing.soapAPIs" name="multiplyAPI" time="0.607"/>
  <testcase classname="com.api.testing.soapAPIs" name="subtractAPI" time="0.61"/>
</testsuite> <!-- Default test -->
