<?xml version="1.0" encoding="UTF-8"?>
<testng-results ignored="0" total="4" passed="4" failed="0" skipped="0">
  <reporter-output>
  </reporter-output>
  <suite started-at="2025-01-20T23:19:04 IST" name="Default suite" finished-at="2025-01-20T23:19:08 IST" duration-ms="3956">
    <groups>
    </groups>
    <test started-at="2025-01-20T23:19:04 IST" name="Default test" finished-at="2025-01-20T23:19:08 IST" duration-ms="3956">
      <class name="com.api.testing.soapAPIs">
        <test-method signature="addAPI()[pri:0, instance:com.api.testing.soapAPIs@4d5650ae]" started-at="2025-01-20T23:19:04 IST" name="addAPI" finished-at="2025-01-20T23:19:06 IST" duration-ms="2024" status="PASS">
          <reporter-output>
          </reporter-output>
        </test-method> <!-- addAPI -->
        <test-method signature="divideAPI()[pri:0, instance:com.api.testing.soapAPIs@4d5650ae]" started-at="2025-01-20T23:19:06 IST" name="divideAPI" finished-at="2025-01-20T23:19:07 IST" duration-ms="668" status="PASS">
          <reporter-output>
          </reporter-output>
        </test-method> <!-- divideAPI -->
        <test-method signature="multiplyAPI()[pri:0, instance:com.api.testing.soapAPIs@4d5650ae]" started-at="2025-01-20T23:19:07 IST" name="multiplyAPI" finished-at="2025-01-20T23:19:07 IST" duration-ms="607" status="PASS">
          <reporter-output>
          </reporter-output>
        </test-method> <!-- multiplyAPI -->
        <test-method signature="subtractAPI()[pri:0, instance:com.api.testing.soapAPIs@4d5650ae]" started-at="2025-01-20T23:19:07 IST" name="subtractAPI" finished-at="2025-01-20T23:19:08 IST" duration-ms="610" status="PASS">
          <reporter-output>
          </reporter-output>
        </test-method> <!-- subtractAPI -->
      </class> <!-- com.api.testing.soapAPIs -->
    </test> <!-- Default test -->
  </suite> <!-- Default suite -->
</testng-results>
